<?xml version="1.0" encoding="UTF-8" standalone="no"?>
<Entitati>
    <student ID="id">
        <Nume>name</Nume>
        <Grupa>500</Grupa>
    </student>
</Entitati>
