<?xml version="1.0" encoding="UTF-8" standalone="no"?>
<Entitati>
    <tema ID="5">
        <Descriere>cruduri</Descriere>
        <Deadline>12</Deadline>
        <Startline>11</Startline>
    </tema>
</Entitati>
