<?xml version="1.0" encoding="UTF-8" standalone="no"?>
<Entitati>
    <student ID="a">
        <Nume>name</Nume>
        <Grupa>500</Grupa>
    </student>
    <student ID="5">
        <Nume>xd</Nume>
        <Grupa>200</Grupa>
    </student>
    <student ID="id">
        <Nume>name</Nume>
        <Grupa>500</Grupa>
    </student>
</Entitati>
